[2021-11-03 19:31:01.230] [exthost] [info] extension host started
[2021-11-03 19:31:01.245] [exthost] [info] Lock '/home/ec2-user/.vscode-server/data/User/workspaceStorage/723ee25db6a85256da4d1d73061b40ad/vscode.lock': Lock acquired.
[2021-11-03 19:31:01.851] [exthost] [info] ExtensionService#_doActivateExtension vscode.debug-auto-launch, startup: true, activationEvent: '*'
[2021-11-03 19:31:01.853] [exthost] [info] ExtensionService#loadCommonJSModule file:///home/ec2-user/.vscode-server/bin/6cba118ac49a1b88332f312a8f67186f7f3c1643/extensions/debug-auto-launch/dist/extension
[2021-11-03 19:31:01.864] [exthost] [info] ExtensionService#_doActivateExtension vscode.git, startup: true, activationEvent: '*', root cause: vscode.github
[2021-11-03 19:31:01.864] [exthost] [info] ExtensionService#loadCommonJSModule file:///home/ec2-user/.vscode-server/bin/6cba118ac49a1b88332f312a8f67186f7f3c1643/extensions/git/dist/main
[2021-11-03 19:31:03.683] [exthost] [info] ExtensionService#_doActivateExtension vscode.github, startup: true, activationEvent: '*'
[2021-11-03 19:31:03.683] [exthost] [info] ExtensionService#loadCommonJSModule file:///home/ec2-user/.vscode-server/bin/6cba118ac49a1b88332f312a8f67186f7f3c1643/extensions/github/dist/extension.js
[2021-11-03 19:31:04.173] [exthost] [info] ExtensionService#_doActivateExtension vscode.emmet, startup: false, activationEvent: 'onStartupFinished'
[2021-11-03 19:31:04.173] [exthost] [info] ExtensionService#loadCommonJSModule file:///home/ec2-user/.vscode-server/bin/6cba118ac49a1b88332f312a8f67186f7f3c1643/extensions/emmet/dist/node/emmetNodeMain
[2021-11-03 19:31:04.190] [exthost] [info] ExtensionService#_doActivateExtension vscode.merge-conflict, startup: false, activationEvent: 'onStartupFinished'
[2021-11-03 19:31:04.191] [exthost] [info] ExtensionService#loadCommonJSModule file:///home/ec2-user/.vscode-server/bin/6cba118ac49a1b88332f312a8f67186f7f3c1643/extensions/merge-conflict/dist/mergeConflictMain
[2021-11-03 19:31:04.195] [exthost] [info] eager extensions activated
[2021-11-03 19:31:04.697] [exthost] [info] ExtensionService#_doActivateExtension ms-vscode.js-debug, startup: false, activationEvent: 'onCommand:extension.js-debug.clearAutoAttachVariables'
[2021-11-03 19:31:04.698] [exthost] [info] ExtensionService#loadCommonJSModule file:///home/ec2-user/.vscode-server/bin/6cba118ac49a1b88332f312a8f67186f7f3c1643/extensions/ms-vscode.js-debug/src/extension.js
[2021-11-03 19:31:39.974] [exthost] [info] ExtensionService#_doActivateExtension vscode.extension-editing, startup: false, activationEvent: 'onLanguage:markdown'
[2021-11-03 19:31:39.974] [exthost] [info] ExtensionService#loadCommonJSModule file:///home/ec2-user/.vscode-server/bin/6cba118ac49a1b88332f312a8f67186f7f3c1643/extensions/extension-editing/dist/extensionEditingMain
[2021-11-03 19:31:39.991] [exthost] [info] ExtensionService#_doActivateExtension vscode.markdown-language-features, startup: false, activationEvent: 'onLanguage:markdown'
[2021-11-03 19:31:39.991] [exthost] [info] ExtensionService#loadCommonJSModule file:///home/ec2-user/.vscode-server/bin/6cba118ac49a1b88332f312a8f67186f7f3c1643/extensions/markdown-language-features/dist/extension
[2021-11-03 19:31:41.381] [exthost] [info] ExtensionService#_doActivateExtension vscode.markdown-math, startup: false, activationEvent: 'api', root cause: vscode.markdown-language-features
[2021-11-03 19:31:41.381] [exthost] [info] ExtensionService#loadCommonJSModule file:///home/ec2-user/.vscode-server/bin/6cba118ac49a1b88332f312a8f67186f7f3c1643/extensions/markdown-math/dist/extension
